Microsoft (R) Macro Assembler Version 14.28.29915.0	    06/01/21 11:18:33
StrCopyLib.asm						     Page 1 - 1


					.386
					.MODEL flat, C

					.STACK 2560

 00000000				.DATA

 00000000				.CODE

					; Funcion que copia una cadena a otra cadena
					; void StrCopy(char *cad, char *cadCopy)
 00000000			StrCopy PROC, pCad:DWORD, cadCopy:DWORD

 00000003  51				PUSH ECX
 00000004  56				PUSH ESI
 00000005  53				PUSH EBX
					
 00000006  8B 5D 0C			MOV EBX, [cadCopy]		; cargando el primer elemento del arreglo al registro CBX
 00000009  8B 75 08			MOV ESI, [pCad]			; apuntar (p) al primer elemento de pCad[0] (ESI <-- [pCad])
 0000000C  B9 00000000			MOV ECX, 0				; i = 0
 00000011			Ini_For:
 00000011  8A 06			MOV AL, [ESI]			; leemos el primer caracter de la cadena
 00000013  3C 00			CMP AL, 0				; AL - 0 (resta)
 00000015  74 0C			JE	Fin_For				; Si z = 0, entonces ya se acabo la cadena, por lo que saltamos a Fin_For  
					; SI Z /= 0, entonces entramos al cuerpo del for
 00000017  B4 20			MOV AH, " "
 00000019  88 63 01			MOV [EBX + 1], AH		; limpiar cadena anterior
 0000001C  88 03			MOV [EBX], AL			; cadCopy[i] = AL, donde AL <-- pCad[i]
 0000001E  41				INC ECX					; i <-- i + 1
 0000001F  46				INC ESI					; movemos el apuntador (p) para pCad
 00000020  43				INC EBX					; movemos el apuntador (p) para cadCopy
 00000021  EB EE			JMP Ini_For				; volvemos a realizar otro ciclo, hasta que z = 0 
 00000023			Fin_For: 
 00000023  59				POP ECX
 00000024  5E				POP ESI
 00000025  5B				POP EBX
					RET

 00000028			StrCopy ENDP

					END
Microsoft (R) Macro Assembler Version 14.28.29915.0	    06/01/21 11:18:33
StrCopyLib.asm						     Symbols 2 - 1




Segments and Groups:

                N a m e                 Size     Length   Align   Combine Class

FLAT . . . . . . . . . . . . . .	GROUP
STACK  . . . . . . . . . . . . .	32 Bit	 00000A00 DWord	  Stack	  'STACK'	 
_DATA  . . . . . . . . . . . . .	32 Bit	 00000000 DWord	  Public  'DATA'	
_TEXT  . . . . . . . . . . . . .	32 Bit	 00000028 DWord	  Public  'CODE'	


Procedures, parameters, and locals:

                N a m e                 Type     Value    Attr

StrCopy  . . . . . . . . . . . .	P Near	 00000000 _TEXT	Length= 00000028 Public C
  pCad . . . . . . . . . . . . .	DWord	 bp + 00000008
  cadCopy  . . . . . . . . . . .	DWord	 bp + 0000000C
  Ini_For  . . . . . . . . . . .	L Near	 00000011 _TEXT	
  Fin_For  . . . . . . . . . . .	L Near	 00000023 _TEXT	


Symbols:

                N a m e                 Type     Value    Attr

@CodeSize  . . . . . . . . . . .	Number	 00000000h   
@DataSize  . . . . . . . . . . .	Number	 00000000h   
@Interface . . . . . . . . . . .	Number	 00000001h   
@Model . . . . . . . . . . . . .	Number	 00000007h   
@code  . . . . . . . . . . . . .	Text   	 _TEXT
@data  . . . . . . . . . . . . .	Text   	 FLAT
@fardata?  . . . . . . . . . . .	Text   	 FLAT
@fardata . . . . . . . . . . . .	Text   	 FLAT
@stack . . . . . . . . . . . . .	Text   	 FLAT

	   0 Warnings
	   0 Errors
