Microsoft (R) Macro Assembler Version 14.28.29915.0	    06/01/21 12:43:06
StrCatLib.asm						     Page 1 - 1


					.386
					.MODEL flat, C

					.STACK 2560

 00000000				.DATA

 00000000				.CODE

					; Funcion que copia una cadena a otra cadena
					; void StrCopy(char *cad, char *cadCopy)
 00000000			StrCat PROC, pCad:DWORD, pcad2:DWORD

 00000003  51				PUSH ECX
 00000004  56				PUSH ESI
 00000005  53				PUSH EBX
					
 00000006  8B 5D 0C			MOV EBX, [pcad2]		; cargando el primer elemento del arreglo al registro CBX
 00000009  8B 75 08			MOV ESI, [pCad]			; apuntar (p) al primer elemento de pCad[0] (ESI <-- [pCad])
 0000000C  B9 00000000			MOV ECX, 0				; i = 0
 00000011			Ini_For:
 00000011  8A 06			MOV AL, [ESI]			; leemos el primer caracter de la cadena
 00000013  3C 00			CMP AL, 0				; AL - 0 (resta)
 00000015  74 05			JE	Fin_For				; Si z = 0, entonces ya se acabo la cadena, por lo que saltamos a Fin_For  
					; SI Z /= 0, entonces entramos al cuerpo del for
					; Codigo
 00000017  41				INC ECX					; i <-- i + 1
 00000018  46				INC ESI					; movemos el apuntador (p) para pCad
 00000019  43				INC EBX					; movemos el apuntador (p) para cadCopy
 0000001A  EB F5			JMP Ini_For				; volvemos a realizar otro ciclo, hasta que z = 0 
 0000001C			Fin_For: 
 0000001C  59				POP ECX
 0000001D  5E				POP ESI
 0000001E  5B				POP EBX
					RET

 00000021			StrCat ENDP

					END
Microsoft (R) Macro Assembler Version 14.28.29915.0	    06/01/21 12:43:06
StrCatLib.asm						     Symbols 2 - 1




Segments and Groups:

                N a m e                 Size     Length   Align   Combine Class

FLAT . . . . . . . . . . . . . .	GROUP
STACK  . . . . . . . . . . . . .	32 Bit	 00000A00 DWord	  Stack	  'STACK'	 
_DATA  . . . . . . . . . . . . .	32 Bit	 00000000 DWord	  Public  'DATA'	
_TEXT  . . . . . . . . . . . . .	32 Bit	 00000021 DWord	  Public  'CODE'	


Procedures, parameters, and locals:

                N a m e                 Type     Value    Attr

StrCat . . . . . . . . . . . . .	P Near	 00000000 _TEXT	Length= 00000021 Public C
  pCad . . . . . . . . . . . . .	DWord	 bp + 00000008
  pcad2  . . . . . . . . . . . .	DWord	 bp + 0000000C
  Ini_For  . . . . . . . . . . .	L Near	 00000011 _TEXT	
  Fin_For  . . . . . . . . . . .	L Near	 0000001C _TEXT	


Symbols:

                N a m e                 Type     Value    Attr

@CodeSize  . . . . . . . . . . .	Number	 00000000h   
@DataSize  . . . . . . . . . . .	Number	 00000000h   
@Interface . . . . . . . . . . .	Number	 00000001h   
@Model . . . . . . . . . . . . .	Number	 00000007h   
@code  . . . . . . . . . . . . .	Text   	 _TEXT
@data  . . . . . . . . . . . . .	Text   	 FLAT
@fardata?  . . . . . . . . . . .	Text   	 FLAT
@fardata . . . . . . . . . . . .	Text   	 FLAT
@stack . . . . . . . . . . . . .	Text   	 FLAT

	   0 Warnings
	   0 Errors
